<?xml version="1.0" encoding="UTF-8"?>
<beans xmlns="http://www.springframework.org/schema/beans"
       xmlns:xsi="http://www.w3.org/2001/XMLSchema-instance"
       xmlns:task="http://www.springframework.org/schema/task"
       xmlns:cache="http://www.springframework.org/schema/cache"
       xsi:schemaLocation="http://www.springframework.org/schema/beans http://www.springframework.org/schema/beans/spring-beans.xsd
            http://www.springframework.org/schema/task http://www.springframework.org/schema/task/spring-task-3.1.xsd
            http://www.springframework.org/schema/cache http://www.springframework.org/schema/cache/spring-cache.xsd">


    <bean id="servicesMessageSource" class="org.springframework.context.support.ReloadableResourceBundleMessageSource">
        <property name="cacheSeconds" value="-1"/>
        <property name="defaultEncoding" value="UTF-8"/>
        <property name="useCodeAsDefaultMessage" value="true"/>
        <property name="fallbackToSystemLocale" value="false"/>
        <property name="basenames">
            <list>
                <value>classpath:messages/message</value>
            </list>
        </property>
    </bean>

</beans>